24-06-28 11:36:14.549 [SpringApplicationShutdownHook] INFO  o.s.o.j.LocalContainerEntityManagerFactoryBean - Closing JPA EntityManagerFactory for persistence unit 'default' 
24-06-28 11:36:14.552 [SpringApplicationShutdownHook] INFO  com.zaxxer.hikari.HikariDataSource - HikariPool-1 - Shutdown initiated... 
24-06-28 11:36:14.554 [SpringApplicationShutdownHook] INFO  com.zaxxer.hikari.HikariDataSource - HikariPool-1 - Shutdown completed. 
24-06-28 11:36:18.673 [main] INFO  c.wsd.ecommerce.EcommerceApplication - Starting EcommerceApplication using Java 17.0.9 with PID 20040 (D:\Self-Development\Job Interview\wsd\ecommerce-application\target\classes started by atl in D:\Self-Development\Job Interview\wsd\ecommerce-application) 
24-06-28 11:36:18.677 [main] INFO  c.wsd.ecommerce.EcommerceApplication - The following 1 profile is active: "dev" 
24-06-28 11:36:19.415 [main] INFO  o.s.d.r.c.RepositoryConfigurationDelegate - Bootstrapping Spring Data JPA repositories in DEFAULT mode. 
24-06-28 11:36:19.494 [main] INFO  o.s.d.r.c.RepositoryConfigurationDelegate - Finished Spring Data repository scanning in 67 ms. Found 4 JPA repository interfaces. 
24-06-28 11:36:20.171 [main] INFO  o.s.b.w.e.tomcat.TomcatWebServer - Tomcat initialized with port 8082 (http) 
24-06-28 11:36:20.182 [main] INFO  o.a.coyote.http11.Http11NioProtocol - Initializing ProtocolHandler ["http-nio-8082"] 
24-06-28 11:36:20.185 [main] INFO  o.a.catalina.core.StandardService - Starting service [Tomcat] 
24-06-28 11:36:20.186 [main] INFO  o.a.catalina.core.StandardEngine - Starting Servlet engine: [Apache Tomcat/10.1.18] 
24-06-28 11:36:20.265 [main] INFO  o.a.c.c.C.[Tomcat].[localhost].[/] - Initializing Spring embedded WebApplicationContext 
24-06-28 11:36:20.265 [main] INFO  o.s.b.w.s.c.ServletWebServerApplicationContext - Root WebApplicationContext: initialization completed in 1538 ms 
24-06-28 11:36:20.386 [main] INFO  com.zaxxer.hikari.HikariDataSource - HikariPool-1 - Starting... 
24-06-28 11:36:20.564 [main] INFO  com.zaxxer.hikari.pool.HikariPool - HikariPool-1 - Added connection org.postgresql.jdbc.PgConnection@2c18a3ea 
24-06-28 11:36:20.567 [main] INFO  com.zaxxer.hikari.HikariDataSource - HikariPool-1 - Start completed. 
24-06-28 11:36:20.689 [main] INFO  o.f.c.i.license.VersionPrinter - Flyway Community Edition 9.22.3 by Redgate 
24-06-28 11:36:20.691 [main] INFO  o.f.c.i.license.VersionPrinter - See release notes here: https://rd.gt/416ObMi 
24-06-28 11:36:20.691 [main] INFO  o.f.c.i.license.VersionPrinter -  
24-06-28 11:36:20.718 [main] INFO  org.flywaydb.core.FlywayExecutor - Database: jdbc:postgresql://localhost:5432/wsd-ecommerce (PostgreSQL 10.22) 
24-06-28 11:36:20.772 [main] INFO  o.f.core.internal.command.DbValidate - Successfully validated 1 migration (execution time 00:00.032s) 
24-06-28 11:36:20.785 [main] INFO  o.f.core.internal.command.DbMigrate - Current version of schema "public": 001 
24-06-28 11:36:20.790 [main] INFO  o.f.core.internal.command.DbMigrate - Schema "public" is up to date. No migration necessary. 
24-06-28 11:36:20.921 [main] INFO  o.h.jpa.internal.util.LogHelper - HHH000204: Processing PersistenceUnitInfo [name: default] 
24-06-28 11:36:20.992 [main] INFO  org.hibernate.Version - HHH000412: Hibernate ORM core version 6.4.1.Final 
24-06-28 11:36:21.036 [main] INFO  o.h.c.i.RegionFactoryInitiator - HHH000026: Second-level cache disabled 
24-06-28 11:36:21.266 [main] INFO  o.s.o.j.p.SpringPersistenceUnitInfo - No LoadTimeWeaver setup: ignoring JPA class transformer 
24-06-28 11:36:21.319 [main] WARN  org.hibernate.dialect.Dialect - HHH000511: The 10.22.0 version for [org.hibernate.dialect.PostgreSQLDialect] is no longer supported, hence certain features may not work properly. The minimum supported version is 12.0.0. Check the community dialects project for available legacy versions. 
24-06-28 11:36:21.324 [main] WARN  org.hibernate.orm.deprecation - HHH90000025: PostgreSQLDialect does not need to be specified explicitly using 'hibernate.dialect' (remove the property setting and it will be selected by default) 
24-06-28 11:36:22.259 [main] INFO  o.h.e.t.j.p.i.JtaPlatformInitiator - HHH000489: No JTA platform available (set 'hibernate.transaction.jta.platform' to enable JTA platform integration) 
24-06-28 11:36:22.262 [main] INFO  o.s.o.j.LocalContainerEntityManagerFactoryBean - Initialized JPA EntityManagerFactory for persistence unit 'default' 
24-06-28 11:36:22.499 [main] INFO  o.s.d.j.r.query.QueryEnhancerFactory - Hibernate is in classpath; If applicable, HQL parser will be used. 
24-06-28 11:36:23.163 [main] WARN  o.s.b.a.o.j.JpaBaseConfiguration$JpaWebConfiguration - spring.jpa.open-in-view is enabled by default. Therefore, database queries may be performed during view rendering. Explicitly configure spring.jpa.open-in-view to disable this warning 
24-06-28 11:36:23.808 [main] INFO  o.a.coyote.http11.Http11NioProtocol - Starting ProtocolHandler ["http-nio-8082"] 
24-06-28 11:36:23.850 [main] INFO  o.s.b.w.e.tomcat.TomcatWebServer - Tomcat started on port 8082 (http) with context path '' 
24-06-28 11:36:23.867 [main] INFO  c.wsd.ecommerce.EcommerceApplication - Started EcommerceApplication in 5.559 seconds (process running for 6.216) 
24-06-28 11:36:29.217 [http-nio-8082-exec-1] INFO  o.a.c.c.C.[Tomcat].[localhost].[/] - Initializing Spring DispatcherServlet 'dispatcherServlet' 
24-06-28 11:36:29.217 [http-nio-8082-exec-1] INFO  o.s.web.servlet.DispatcherServlet - Initializing Servlet 'dispatcherServlet' 
24-06-28 11:36:29.218 [http-nio-8082-exec-1] INFO  o.s.web.servlet.DispatcherServlet - Completed initialization in 1 ms 
24-06-28 11:36:29.241 [http-nio-8082-exec-1] INFO  c.wsd.ecommerce.service.SalesService - Fetching total sales today 
24-06-28 11:36:29.999 [http-nio-8082-exec-3] INFO  c.wsd.ecommerce.service.SalesService - Fetching total sales today 
24-06-28 11:36:43.915 [http-nio-8082-exec-7] INFO  c.wsd.ecommerce.service.SalesService - Fetching total sales today 
